c:\users\宗明\desktop\temp\raytracer-master3\raytracer-master\raytracer\x64\debug\vc140.pdb
c:\users\宗明\desktop\temp\raytracer-master3\raytracer-master\raytracer\x64\debug\vc140.idb
c:\users\宗明\desktop\temp\raytracer-master3\raytracer-master\raytracer\x64\debug\camera.obj
c:\users\宗明\desktop\temp\raytracer-master3\raytracer-master\raytracer\x64\debug\pugixml.obj
c:\users\宗明\desktop\temp\raytracer-master3\raytracer-master\raytracer\x64\debug\light.obj
c:\users\宗明\desktop\temp\raytracer-master3\raytracer-master\raytracer\x64\debug\loader.obj
c:\users\宗明\desktop\temp\raytracer-master3\raytracer-master\raytracer\x64\debug\matrix4.obj
c:\users\宗明\desktop\temp\raytracer-master3\raytracer-master\raytracer\x64\debug\object.obj
c:\users\宗明\desktop\temp\raytracer-master3\raytracer-master\raytracer\x64\debug\plane.obj
c:\users\宗明\desktop\temp\raytracer-master3\raytracer-master\raytracer\x64\debug\raytracer.obj
c:\users\宗明\desktop\temp\raytracer-master3\raytracer-master\raytracer\x64\debug\sphere.obj
c:\users\宗明\desktop\temp\raytracer-master3\raytracer-master\raytracer\x64\debug\triangle.obj
c:\users\宗明\desktop\temp\raytracer-master3\raytracer-master\raytracer\x64\debug\vector.obj
c:\users\宗明\desktop\temp\raytracer-master3\raytracer-master\raytracer\x64\debug\openglrender.obj
c:\users\宗明\desktop\temp\raytracer-master3\raytracer-master\x64\debug\raytracer.ilk
c:\users\宗明\desktop\temp\raytracer-master3\raytracer-master\x64\debug\raytracer.exe
c:\users\宗明\desktop\temp\raytracer-master3\raytracer-master\x64\debug\raytracer.pdb
c:\users\宗明\desktop\temp\raytracer-master3\raytracer-master\raytracer\x64\debug\raytracer.tlog\cl.command.1.tlog
c:\users\宗明\desktop\temp\raytracer-master3\raytracer-master\raytracer\x64\debug\raytracer.tlog\cl.read.1.tlog
c:\users\宗明\desktop\temp\raytracer-master3\raytracer-master\raytracer\x64\debug\raytracer.tlog\cl.write.1.tlog
c:\users\宗明\desktop\temp\raytracer-master3\raytracer-master\raytracer\x64\debug\raytracer.tlog\link.3660.read.1.tlog
c:\users\宗明\desktop\temp\raytracer-master3\raytracer-master\raytracer\x64\debug\raytracer.tlog\link.3660.write.1.tlog
c:\users\宗明\desktop\temp\raytracer-master3\raytracer-master\raytracer\x64\debug\raytracer.tlog\link.command.1.tlog
c:\users\宗明\desktop\temp\raytracer-master3\raytracer-master\raytracer\x64\debug\raytracer.tlog\link.read.1.tlog
c:\users\宗明\desktop\temp\raytracer-master3\raytracer-master\raytracer\x64\debug\raytracer.tlog\link.write.1.tlog
