c:\users\宗明\desktop\temp\raytracer-master3\raytracer-master\raytracer\debug\vc140.pdb
c:\users\宗明\desktop\temp\raytracer-master3\raytracer-master\raytracer\debug\vc140.idb
c:\users\宗明\desktop\temp\raytracer-master3\raytracer-master\raytracer\debug\camera.obj
c:\users\宗明\desktop\temp\raytracer-master3\raytracer-master\raytracer\debug\pugixml.obj
c:\users\宗明\desktop\temp\raytracer-master3\raytracer-master\raytracer\debug\light.obj
c:\users\宗明\desktop\temp\raytracer-master3\raytracer-master\raytracer\debug\loader.obj
c:\users\宗明\desktop\temp\raytracer-master3\raytracer-master\raytracer\debug\matrix4.obj
c:\users\宗明\desktop\temp\raytracer-master3\raytracer-master\raytracer\debug\object.obj
c:\users\宗明\desktop\temp\raytracer-master3\raytracer-master\raytracer\debug\plane.obj
c:\users\宗明\desktop\temp\raytracer-master3\raytracer-master\raytracer\debug\raytracer.obj
c:\users\宗明\desktop\temp\raytracer-master3\raytracer-master\raytracer\debug\sphere.obj
c:\users\宗明\desktop\temp\raytracer-master3\raytracer-master\raytracer\debug\triangle.obj
c:\users\宗明\desktop\temp\raytracer-master3\raytracer-master\raytracer\debug\vector.obj
c:\users\宗明\desktop\temp\raytracer-master3\raytracer-master\raytracer\debug\openglrender.obj
c:\users\宗明\desktop\temp\raytracer-master3\raytracer-master\debug\raytracer.ilk
c:\users\宗明\desktop\temp\raytracer-master3\raytracer-master\debug\raytracer.exe
c:\users\宗明\desktop\temp\raytracer-master3\raytracer-master\debug\raytracer.pdb
c:\users\宗明\desktop\temp\raytracer-master3\raytracer-master\raytracer\debug\raytracer.tlog\cl.command.1.tlog
c:\users\宗明\desktop\temp\raytracer-master3\raytracer-master\raytracer\debug\raytracer.tlog\cl.read.1.tlog
c:\users\宗明\desktop\temp\raytracer-master3\raytracer-master\raytracer\debug\raytracer.tlog\cl.write.1.tlog
c:\users\宗明\desktop\temp\raytracer-master3\raytracer-master\raytracer\debug\raytracer.tlog\link.16964-cvtres.read.1.tlog
c:\users\宗明\desktop\temp\raytracer-master3\raytracer-master\raytracer\debug\raytracer.tlog\link.16964-cvtres.write.1.tlog
c:\users\宗明\desktop\temp\raytracer-master3\raytracer-master\raytracer\debug\raytracer.tlog\link.16964-rc.read.1.tlog
c:\users\宗明\desktop\temp\raytracer-master3\raytracer-master\raytracer\debug\raytracer.tlog\link.16964-rc.write.1.tlog
c:\users\宗明\desktop\temp\raytracer-master3\raytracer-master\raytracer\debug\raytracer.tlog\link.16964.read.1.tlog
c:\users\宗明\desktop\temp\raytracer-master3\raytracer-master\raytracer\debug\raytracer.tlog\link.16964.write.1.tlog
c:\users\宗明\desktop\temp\raytracer-master3\raytracer-master\raytracer\debug\raytracer.tlog\link.command.1.tlog
c:\users\宗明\desktop\temp\raytracer-master3\raytracer-master\raytracer\debug\raytracer.tlog\link.read.1.tlog
c:\users\宗明\desktop\temp\raytracer-master3\raytracer-master\raytracer\debug\raytracer.tlog\link.write.1.tlog
